2023-04-03 00:50:54.876128 - Initialized conversion of CBT512
2023-04-03 00:50:55.117917 - Received CBT.V504.FILE512.PDS from FILE512.XMI 
2023-04-03 00:50:55.120209 - Found $$$#DATE.txt (text/plain) in CBT.V504.FILE512.PDS, moved to PDS/$$$#DATE
2023-04-03 00:50:55.121652 - Found $$NOTE.txt (text/plain) in CBT.V504.FILE512.PDS, moved to PDS/$$NOTE
2023-04-03 00:50:55.122736 - Found #README#.txt (text/plain) in CBT.V504.FILE512.PDS, moved to PDS/#README#
2023-04-03 00:50:55.123756 - Found @FILE512.txt (text/plain) in CBT.V504.FILE512.PDS, moved to PDS/@FILE512
2023-04-03 00:50:55.124897 - Found CUT.rexx (text/plain) in CBT.V504.FILE512.PDS, moved to PDS/CUT
2023-04-03 00:50:55.125871 - Found CUTDFNEW.txt (text/plain) in CBT.V504.FILE512.PDS, moved to PDS/CUTDFNEW
2023-04-03 00:50:55.126877 - Found CUTDFPRM.txt (text/plain) in CBT.V504.FILE512.PDS, moved to PDS/CUTDFPRM
2023-04-03 00:50:55.127860 - Found CUTHELP.txt (text/plain) in CBT.V504.FILE512.PDS, moved to PDS/CUTHELP
2023-04-03 00:50:55.128766 - Found CUTHELP0.txt (text/plain) in CBT.V504.FILE512.PDS, moved to PDS/CUTHELP0
2023-04-03 00:50:55.129798 - Found CUTHLPC.txt (text/plain) in CBT.V504.FILE512.PDS, moved to PDS/CUTHLPC
2023-04-03 00:50:55.130765 - Found CUTHLPCD.txt (text/plain) in CBT.V504.FILE512.PDS, moved to PDS/CUTHLPCD
2023-04-03 00:50:55.132190 - Found CUTHLPCH.txt (text/plain) in CBT.V504.FILE512.PDS, moved to PDS/CUTHLPCH
2023-04-03 00:50:55.133153 - Found CUTHLPC0.txt (text/plain) in CBT.V504.FILE512.PDS, moved to PDS/CUTHLPC0
2023-04-03 00:50:55.134115 - Found CUTHLPC1.txt (text/plain) in CBT.V504.FILE512.PDS, moved to PDS/CUTHLPC1
2023-04-03 00:50:55.135118 - Found CUTHLPC2.txt (text/plain) in CBT.V504.FILE512.PDS, moved to PDS/CUTHLPC2
2023-04-03 00:50:55.136186 - Found CUTHLPC3.txt (text/plain) in CBT.V504.FILE512.PDS, moved to PDS/CUTHLPC3
2023-04-03 00:50:55.137108 - Found CUTHLPC4.txt (text/plain) in CBT.V504.FILE512.PDS, moved to PDS/CUTHLPC4
2023-04-03 00:50:55.137990 - Found CUTHLPC5.txt (text/plain) in CBT.V504.FILE512.PDS, moved to PDS/CUTHLPC5
2023-04-03 00:50:55.138970 - Found CUTHLPD.txt (text/plain) in CBT.V504.FILE512.PDS, moved to PDS/CUTHLPD
2023-04-03 00:50:55.140002 - Found CUTHLPD0.txt (text/plain) in CBT.V504.FILE512.PDS, moved to PDS/CUTHLPD0
2023-04-03 00:50:55.140998 - Found CUTHLPD1.txt (text/plain) in CBT.V504.FILE512.PDS, moved to PDS/CUTHLPD1
2023-04-03 00:50:55.141911 - Found CUTHLPD2.txt (text/plain) in CBT.V504.FILE512.PDS, moved to PDS/CUTHLPD2
2023-04-03 00:50:55.142859 - Found CUTHLPD3.txt (text/plain) in CBT.V504.FILE512.PDS, moved to PDS/CUTHLPD3
2023-04-03 00:50:55.143718 - Found CUTHLPD4.txt (text/plain) in CBT.V504.FILE512.PDS, moved to PDS/CUTHLPD4
2023-04-03 00:50:55.144613 - Found CUTHLPP.txt (text/plain) in CBT.V504.FILE512.PDS, moved to PDS/CUTHLPP
2023-04-03 00:50:55.145496 - Found CUTHLPPD.txt (text/plain) in CBT.V504.FILE512.PDS, moved to PDS/CUTHLPPD
2023-04-03 00:50:55.146408 - Found CUTHLPPH.txt (text/plain) in CBT.V504.FILE512.PDS, moved to PDS/CUTHLPPH
2023-04-03 00:50:55.147366 - Found CUTHLPP0.txt (text/plain) in CBT.V504.FILE512.PDS, moved to PDS/CUTHLPP0
2023-04-03 00:50:55.148422 - Found CUTHLPP1.txt (text/plain) in CBT.V504.FILE512.PDS, moved to PDS/CUTHLPP1
2023-04-03 00:50:55.149404 - Found CUTHLPP2.txt (text/plain) in CBT.V504.FILE512.PDS, moved to PDS/CUTHLPP2
2023-04-03 00:50:55.150276 - Found CUTHLPP3.txt (text/plain) in CBT.V504.FILE512.PDS, moved to PDS/CUTHLPP3
2023-04-03 00:50:55.151149 - Found CUTHLPP4.txt (text/plain) in CBT.V504.FILE512.PDS, moved to PDS/CUTHLPP4
2023-04-03 00:50:55.152174 - Found CUTPRMPT.txt (text/plain) in CBT.V504.FILE512.PDS, moved to PDS/CUTPRMPT
2023-04-03 00:50:55.153054 - Found CUTPRPST.txt (text/plain) in CBT.V504.FILE512.PDS, moved to PDS/CUTPRPST
2023-04-03 00:50:55.153916 - Found CUT00.txt (text/plain) in CBT.V504.FILE512.PDS, moved to PDS/CUT00
2023-04-03 00:50:55.154834 - Found PASTE.rexx (text/plain) in CBT.V504.FILE512.PDS, moved to PDS/PASTE
